<?xml version="1.0" encoding="UTF-8"?>
<!-- Generated by org.testng.reporters.JUnitReportReporter -->
<testsuite hostname="LTIN236341" failures="0" tests="5" name="testScenarios.DisplayBookshelves" time="33.597" errors="0" timestamp="2024-03-05T14:28:05 IST" skipped="0">
  <testcase classname="testScenarios.DisplayBookshelves" name="clickOnBookShelvesMenu" time="12.884"/>
  <testcase classname="testScenarios.DisplayBookshelves" name="mouseHoverOfBrandFilter" time="14.927"/>
  <testcase classname="testScenarios.DisplayBookshelves" name="giftCard" time="5.303"/>
  <testcase classname="testScenarios.DisplayBookshelves" name="screenShotOfErrorMessage" time="0.451"/>
  <testcase classname="testScenarios.DisplayBookshelves" name="displayErrorMessage" time="0.032"/>
</testsuite> <!-- testScenarios.DisplayBookshelves -->
