<?xml version="1.0" encoding="UTF-8"?>
<!-- Generated by org.testng.reporters.JUnitReportReporter -->
<testsuite hostname="LTIN297590" failures="0" tests="5" name="testScenarios.DisplayBookshelves" time="30.697" errors="0" timestamp="2024-03-04T20:29:47 IST" skipped="0">
  <testcase classname="testScenarios.DisplayBookshelves" name="clickOnBookShelvesMenu" time="11.432"/>
  <testcase classname="testScenarios.DisplayBookshelves" name="mouseHoverOfBrandFilter" time="14.959"/>
  <testcase classname="testScenarios.DisplayBookshelves" name="giftCard" time="3.911"/>
  <testcase classname="testScenarios.DisplayBookshelves" name="screenShotOfErrorMessage" time="0.372"/>
  <testcase classname="testScenarios.DisplayBookshelves" name="displayErrorMessage" time="0.023"/>
</testsuite> <!-- testScenarios.DisplayBookshelves -->
